<?xml version="1.0" encoding="UTF-8"?>
<!-- Generated by org.testng.reporters.JUnitReportReporter -->
<testsuite hostname="Rahul-Ramagiri" failures="0" tests="2" name="LumaTestCases.CreateLumaAccounTest" time="18.462" errors="0" timestamp="2024-05-12T17:34:22 IST" skipped="0">
  <testcase classname="LumaTestCases.CreateLumaAccounTest" name="CreateAccounTest" time="11.462"/>
  <testcase classname="LumaTestCases.CreateLumaAccounTest" name="ValidateCreateAccountWithEmail" time="7.000"/>
  <system-out>
    <![CDATA[Click to see ScreenShot
Click to see ScreenShot
Click to see ScreenShot
Click to see ScreenShot
Click to see ScreenShot]]>
  </system-out>
</testsuite> <!-- LumaTestCases.CreateLumaAccounTest -->
