<?xml version="1.0" encoding="UTF-8"?>
<!-- Generated by org.testng.reporters.JUnitReportReporter -->
<testsuite hostname="Rahul-Ramagiri" failures="0" tests="2" name="LumaTestCases.CreateLumaAccounTest" time="13.212" errors="0" timestamp="2024-05-15T16:29:45 IST" skipped="0">
  <testcase classname="LumaTestCases.CreateLumaAccounTest" name="CreateAccounTest" time="8.404"/>
  <testcase classname="LumaTestCases.CreateLumaAccounTest" name="ValidateCreateAccountWithEmail" time="4.808"/>
</testsuite> <!-- LumaTestCases.CreateLumaAccounTest -->
