<?xml version="1.0" encoding="UTF-8"?>
<!-- Generated by org.testng.reporters.JUnitReportReporter -->
<testsuite hostname="Rahul-Ramagiri" failures="0" tests="3" name="LumaTestCases.ProfileTest" time="23.806" errors="0" timestamp="2024-05-16T20:26:45 IST" skipped="0">
  <testcase classname="LumaTestCases.ProfileTest" name="ValidateProfilePicUpdate" time="20.586"/>
  <testcase classname="LumaTestCases.ProfileTest" name="validateEditProfileSettings" time="1.206"/>
  <testcase classname="LumaTestCases.ProfileTest" name="ValidateChangePassoword" time="2.014"/>
  <system-out>
    <![CDATA[Click to see ScreenShot
Click to see ScreenShot
Click to see ScreenShot
Click to see ScreenShot
Click to see ScreenShot
Click to see ScreenShot]]>
  </system-out>
</testsuite> <!-- LumaTestCases.ProfileTest -->
