<?xml version="1.0" encoding="UTF-8"?>
<!-- Generated by org.testng.reporters.JUnitReportReporter -->
<testsuite hostname="Rahul-Ramagiri" failures="0" tests="4" name="LumaTestCases.CheckOutItems" time="77.962" errors="0" timestamp="2024-05-17T00:16:58 IST" skipped="0">
  <testcase classname="LumaTestCases.CheckOutItems" name="ValidateAddCart" time="37.654"/>
  <testcase classname="LumaTestCases.CheckOutItems" name="ValidateCheckOutButton" time="9.218"/>
  <testcase classname="LumaTestCases.CheckOutItems" name="EnterCheckOutInfo" time="11.488"/>
  <testcase classname="LumaTestCases.CheckOutItems" name="ValidateRemoveFromCart" time="19.602"/>
  <system-out>
    <![CDATA[Click to see ScreenShot
Click to see ScreenShot
Click to see ScreenShot
Click to see ScreenShot
Click to see ScreenShot
Click to see ScreenShot]]>
  </system-out>
</testsuite> <!-- LumaTestCases.CheckOutItems -->
