<?xml version="1.0" encoding="UTF-8"?>
<!-- Generated by org.testng.reporters.JUnitReportReporter -->
<testsuite hostname="Rahul-Ramagiri" failures="0" tests="2" name="LumaTestCases.LumaCommunityTest" time="8.281" errors="0" timestamp="2024-05-17T00:16:59 IST" skipped="0">
  <testcase classname="LumaTestCases.LumaCommunityTest" name="ValidateCommunityButton" time="4.399"/>
  <testcase classname="LumaTestCases.LumaCommunityTest" name="ValidateMyaccountBtn" time="3.882"/>
  <system-out>
    <![CDATA[Click to see ScreenShot
Click to see ScreenShot
Click to see ScreenShot
Click to see ScreenShot
Click to see ScreenShot
Click to see ScreenShot]]>
  </system-out>
</testsuite> <!-- LumaTestCases.LumaCommunityTest -->
