<?xml version="1.0" encoding="UTF-8"?>
<!-- Generated by org.testng.reporters.JUnitReportReporter -->
<testsuite hostname="Rahul-Ramagiri" failures="0" tests="2" name="LumaTestCases.CreateLumaAccounTest" time="30.134" errors="0" timestamp="2024-05-07T22:27:10 IST" skipped="0">
  <testcase classname="LumaTestCases.CreateLumaAccounTest" name="CreateAccounTest" time="24.558"/>
  <testcase classname="LumaTestCases.CreateLumaAccounTest" name="ValidateCreateAccountWithEmail" time="5.576"/>
</testsuite> <!-- LumaTestCases.CreateLumaAccounTest -->
