<?xml version="1.0" encoding="UTF-8"?>
<!-- Generated by org.testng.reporters.JUnitReportReporter -->
<testsuite hostname="Rahul-Ramagiri" failures="0" tests="5" name="RoughPkg.Groups3" time="0.006" errors="0" timestamp="2024-07-05T18:39:16 IST" skipped="0">
  <testcase classname="RoughPkg.Groups3" name="Hello13" time="0.001"/>
  <system-out/>
  <testcase classname="RoughPkg.Groups3" name="Hello33" time="0.001"/>
  <system-out/>
  <testcase classname="RoughPkg.Groups3" name="Hello43" time="0.001"/>
  <system-out/>
  <testcase classname="RoughPkg.Groups3" name="Hello23" time="0.001"/>
  <system-out/>
  <testcase classname="RoughPkg.Groups3" name="Hello3" time="0.002"/>
  <system-out/>
</testsuite> <!-- RoughPkg.Groups3 -->
