<?xml version="1.0" encoding="UTF-8"?>
<!-- Generated by org.testng.reporters.JUnitReportReporter -->
<testsuite hostname="Rahul-Ramagiri" failures="0" tests="4" name="LumaTestCases.AboutUsTestCase" time="23.126" errors="0" timestamp="2024-05-08T11:55:21 IST" skipped="0">
  <testcase classname="LumaTestCases.AboutUsTestCase" name="ValidateAbouts" time="3.971"/>
  <testcase classname="LumaTestCases.AboutUsTestCase" name="ValidatePrivacyPolicy" time="5.911"/>
  <testcase classname="LumaTestCases.AboutUsTestCase" name="ValidateContactLuma" time="7.402"/>
  <testcase classname="LumaTestCases.AboutUsTestCase" name="ValidateCoustmerService" time="5.842"/>
</testsuite> <!-- LumaTestCases.AboutUsTestCase -->
