<?xml version="1.0" encoding="UTF-8"?>
<!-- Generated by org.testng.reporters.JUnitReportReporter -->
<testsuite hostname="Rahul-Ramagiri" failures="0" tests="2" name="LumaTestCases.LumaCommunityTest" time="9.443" errors="0" timestamp="2024-05-16T23:46:28 IST" skipped="0">
  <testcase classname="LumaTestCases.LumaCommunityTest" name="ValidateCommunityButton" time="5.142"/>
  <testcase classname="LumaTestCases.LumaCommunityTest" name="ValidateMyaccountBtn" time="4.301"/>
</testsuite> <!-- LumaTestCases.LumaCommunityTest -->
