<?xml version="1.0" encoding="UTF-8"?>
<!-- Generated by org.testng.reporters.JUnitReportReporter -->
<testsuite hostname="Rahul-Ramagiri" failures="0" tests="4" name="LumaTestCases.AboutUsTestCase" time="28.434" errors="0" timestamp="2024-05-17T00:16:58 IST" skipped="0">
  <testcase classname="LumaTestCases.AboutUsTestCase" name="ValidatePrivacyPolicy" time="7.739"/>
  <testcase classname="LumaTestCases.AboutUsTestCase" name="ValidateAbouts" time="4.657"/>
  <testcase classname="LumaTestCases.AboutUsTestCase" name="ValidateContactLuma" time="9.279"/>
  <testcase classname="LumaTestCases.AboutUsTestCase" name="ValidateCoustmerService" time="6.759"/>
  <system-out>
    <![CDATA[Click to see ScreenShot
Click to see ScreenShot
Click to see ScreenShot
Click to see ScreenShot
Click to see ScreenShot
Click to see ScreenShot]]>
  </system-out>
</testsuite> <!-- LumaTestCases.AboutUsTestCase -->
