<?xml version="1.0" encoding="UTF-8"?>
<!-- Generated by org.testng.reporters.JUnitReportReporter -->
<testsuite hostname="Rahul-Ramagiri" failures="0" tests="3" name="LumaTestCases.BlogTestCase" time="18.040" errors="0" timestamp="2024-05-07T22:27:10 IST" skipped="0">
  <testcase classname="LumaTestCases.BlogTestCase" name="ValidateBlog1" time="6.899"/>
  <testcase classname="LumaTestCases.BlogTestCase" name="ValidateBlog2" time="5.702"/>
  <testcase classname="LumaTestCases.BlogTestCase" name="ValidateBlog3" time="5.439"/>
</testsuite> <!-- LumaTestCases.BlogTestCase -->
