<?xml version="1.0" encoding="UTF-8"?>
<!-- Generated by org.testng.reporters.JUnitReportReporter -->
<testsuite hostname="Rahul-Ramagiri" failures="0" tests="3" name="LumaTestCases.ProfileTest" time="22.228" errors="0" timestamp="2024-05-17T12:09:14 IST" skipped="0">
  <testcase classname="LumaTestCases.ProfileTest" name="ValidateProfilePicUpdate" time="20.270"/>
  <testcase classname="LumaTestCases.ProfileTest" name="validateEditProfileSettings" time="0.926"/>
  <testcase classname="LumaTestCases.ProfileTest" name="ValidateChangePassoword" time="1.032"/>
</testsuite> <!-- LumaTestCases.ProfileTest -->
