<?xml version="1.0" encoding="UTF-8"?>
<!-- Generated by org.testng.reporters.JUnitReportReporter -->
<testsuite hostname="Rahul-Ramagiri" failures="0" tests="5" name="RoughPkg.Groups" time="0.004" errors="0" timestamp="2024-07-05T18:39:16 IST" skipped="0">
  <testcase classname="RoughPkg.Groups" name="Hello2" time="0.001"/>
  <system-out/>
  <testcase classname="RoughPkg.Groups" name="Hello4" time="0.001"/>
  <system-out/>
  <testcase classname="RoughPkg.Groups" name="Hello" time="0.000"/>
  <system-out/>
  <testcase classname="RoughPkg.Groups" name="Hello3" time="0.001"/>
  <system-out/>
  <testcase classname="RoughPkg.Groups" name="Hello1" time="0.001"/>
  <system-out/>
</testsuite> <!-- RoughPkg.Groups -->
