<?xml version="1.0" encoding="UTF-8"?>
<!-- Generated by org.testng.reporters.JUnitReportReporter -->
<testsuite hostname="Rahul-Ramagiri" failures="0" tests="3" name="LumaTestCases.LumaLoginTest" time="30.076" errors="0" timestamp="2024-05-07T22:42:45 IST" skipped="0">
  <testcase classname="LumaTestCases.LumaLoginTest" name="LoginTestR" time="20.597"/>
  <testcase classname="LumaTestCases.LumaLoginTest" name="ValidateLogoutFuntionlity" time="3.254"/>
  <testcase classname="LumaTestCases.LumaLoginTest" name="LoginWithInvalidCred" time="6.225"/>
</testsuite> <!-- LumaTestCases.LumaLoginTest -->
