<?xml version="1.0" encoding="UTF-8"?>
<!-- Generated by org.testng.reporters.JUnitReportReporter -->
<testsuite hostname="Rahul-Ramagiri" failures="0" tests="3" name="LumaTestCases.BlogTestCase" time="17.501" errors="0" timestamp="2024-05-15T15:05:55 IST" skipped="0">
  <testcase classname="LumaTestCases.BlogTestCase" name="ValidateBlog1" time="6.150"/>
  <testcase classname="LumaTestCases.BlogTestCase" name="ValidateBlog2" time="5.639"/>
  <testcase classname="LumaTestCases.BlogTestCase" name="ValidateBlog3" time="5.712"/>
</testsuite> <!-- LumaTestCases.BlogTestCase -->
