<?xml version="1.0" encoding="UTF-8"?>
<!-- Generated by org.testng.reporters.JUnitReportReporter -->
<testsuite hostname="Rahul-Ramagiri" failures="0" tests="4" name="LumaTestCases.CheckOutAllGendersShop" time="189.595" errors="0" timestamp="2024-05-07T22:27:10 IST" skipped="0">
  <testcase classname="LumaTestCases.CheckOutAllGendersShop" name="CheckOutWomenItems" time="63.378"/>
  <testcase classname="LumaTestCases.CheckOutAllGendersShop" name="CheckOutMensItems" time="46.733"/>
  <testcase classname="LumaTestCases.CheckOutAllGendersShop" name="CheckoutMensItemsBottom" time="39.685"/>
  <testcase classname="LumaTestCases.CheckOutAllGendersShop" name="CheckOutEquipmentsItems" time="39.799"/>
</testsuite> <!-- LumaTestCases.CheckOutAllGendersShop -->
