<?xml version="1.0" encoding="UTF-8"?>
<!-- Generated by org.testng.reporters.JUnitReportReporter -->
<testsuite hostname="Rahul-Ramagiri" failures="0" tests="3" name="LumaTestCases.CheckOutItems" time="61.764" errors="0" timestamp="2024-05-12T17:34:22 IST" skipped="0">
  <testcase classname="LumaTestCases.CheckOutItems" name="ValidateAddCart" time="22.910"/>
  <testcase classname="LumaTestCases.CheckOutItems" name="EnterCheckOutInfo" time="20.671"/>
  <testcase classname="LumaTestCases.CheckOutItems" name="ValidateRemoveFromCart" time="18.183"/>
  <system-out>
    <![CDATA[Click to see ScreenShot
Click to see ScreenShot
Click to see ScreenShot
Click to see ScreenShot
Click to see ScreenShot]]>
  </system-out>
</testsuite> <!-- LumaTestCases.CheckOutItems -->
