<?xml version="1.0" encoding="UTF-8"?>
<!-- Generated by org.testng.reporters.JUnitReportReporter -->
<testsuite hostname="Rahul-Ramagiri" failures="0" tests="3" name="LumaTestCases.ProfileTest" time="22.437" errors="0" timestamp="2024-05-15T17:17:40 IST" skipped="0">
  <testcase classname="LumaTestCases.ProfileTest" name="ValidateProfilePicUpdate" time="20.641"/>
  <testcase classname="LumaTestCases.ProfileTest" name="validateEditProfileSettings" time="1.199"/>
  <testcase classname="LumaTestCases.ProfileTest" name="ValidateChangePassoword" time="0.597"/>
</testsuite> <!-- LumaTestCases.ProfileTest -->
