<?xml version="1.0" encoding="UTF-8"?>
<!-- Generated by org.testng.reporters.JUnitReportReporter -->
<testsuite hostname="Rahul-Ramagiri" failures="0" tests="1" name="LumaCreateAccountTest.LumaLoginTest" time="8.833" errors="0" timestamp="2024-05-04T00:04:42 IST" skipped="0">
  <testcase classname="LumaCreateAccountTest.LumaLoginTest" name="LoginTestR" time="8.833"/>
</testsuite> <!-- LumaCreateAccountTest.LumaLoginTest -->
