<?xml version="1.0" encoding="UTF-8"?>
<!-- Generated by org.testng.reporters.JUnitReportReporter -->
<testsuite hostname="Rahul-Ramagiri" failures="0" tests="3" name="LumaTestCases.BlogTestCase" time="19.728" errors="0" timestamp="2024-05-16T20:26:45 IST" skipped="0">
  <testcase classname="LumaTestCases.BlogTestCase" name="ValidateBlog1" time="6.998"/>
  <testcase classname="LumaTestCases.BlogTestCase" name="ValidateBlog2" time="6.693"/>
  <testcase classname="LumaTestCases.BlogTestCase" name="ValidateBlog3" time="6.037"/>
  <system-out>
    <![CDATA[Click to see ScreenShot
Click to see ScreenShot
Click to see ScreenShot
Click to see ScreenShot
Click to see ScreenShot
Click to see ScreenShot]]>
  </system-out>
</testsuite> <!-- LumaTestCases.BlogTestCase -->
