<?xml version="1.0" encoding="UTF-8"?>
<!-- Generated by org.testng.reporters.JUnitReportReporter -->
<testsuite hostname="Rahul-Ramagiri" failures="0" tests="4" name="LumaTestCases.CheckOutItems" time="50.665" errors="0" timestamp="2024-05-16T15:00:28 IST" skipped="0">
  <testcase classname="LumaTestCases.CheckOutItems" name="ValidateAddCart" time="18.916"/>
  <testcase classname="LumaTestCases.CheckOutItems" name="ValidateCheckOutButton" time="7.587"/>
  <testcase classname="LumaTestCases.CheckOutItems" name="EnterCheckOutInfo" time="9.525"/>
  <testcase classname="LumaTestCases.CheckOutItems" name="ValidateRemoveFromCart" time="14.637"/>
</testsuite> <!-- LumaTestCases.CheckOutItems -->
