<?xml version="1.0" encoding="UTF-8"?>
<!-- Generated by org.testng.reporters.JUnitReportReporter -->
<testsuite hostname="Rahul-Ramagiri" failures="0" tests="3" name="LumaTestCases.CheckOutItems" time="44.815" errors="0" timestamp="2024-05-15T16:11:15 IST" skipped="0">
  <testcase classname="LumaTestCases.CheckOutItems" name="ValidateAddCart" time="17.370"/>
  <testcase classname="LumaTestCases.CheckOutItems" name="EnterCheckOutInfo" time="14.229"/>
  <testcase classname="LumaTestCases.CheckOutItems" name="ValidateRemoveFromCart" time="13.216"/>
</testsuite> <!-- LumaTestCases.CheckOutItems -->
