<?xml version="1.0" encoding="UTF-8"?>
<!-- Generated by org.testng.reporters.JUnitReportReporter -->
<testsuite hostname="Rahul-Ramagiri" failures="0" tests="3" name="LumaTestCases.CheckOutItems" time="70.541" errors="0" timestamp="2024-05-07T22:27:10 IST" skipped="0">
  <testcase classname="LumaTestCases.CheckOutItems" name="ValidateRemoveFromCart" time="20.544"/>
  <testcase classname="LumaTestCases.CheckOutItems" name="ValidateAddCart" time="30.830"/>
  <testcase classname="LumaTestCases.CheckOutItems" name="ValidateOrderPlaceMent" time="19.167"/>
</testsuite> <!-- LumaTestCases.CheckOutItems -->
