<?xml version="1.0" encoding="UTF-8"?>
<!-- Generated by org.testng.reporters.JUnitReportReporter -->
<testsuite hostname="Rahul-Ramagiri" failures="0" tests="3" name="LumaTestCases.ProfileTest" time="25.976" errors="0" timestamp="2024-05-12T17:34:22 IST" skipped="0">
  <testcase classname="LumaTestCases.ProfileTest" name="ValidateProfilePicUpdate" time="24.277"/>
  <testcase classname="LumaTestCases.ProfileTest" name="validateEditProfileSettings" time="1.110"/>
  <testcase classname="LumaTestCases.ProfileTest" name="ValidateChangePassoword" time="0.589"/>
  <system-out>
    <![CDATA[Click to see ScreenShot
Click to see ScreenShot
Click to see ScreenShot
Click to see ScreenShot
Click to see ScreenShot]]>
  </system-out>
</testsuite> <!-- LumaTestCases.ProfileTest -->
