<?xml version="1.0" encoding="UTF-8"?>
<!-- Generated by org.testng.reporters.JUnitReportReporter -->
<testsuite hostname="Rahul-Ramagiri" failures="0" tests="3" name="LumaTestCases.BlogTestCase" time="19.803" errors="0" timestamp="2024-05-12T19:56:22 IST" skipped="0">
  <testcase classname="LumaTestCases.BlogTestCase" name="ValidateBlog1" time="6.959"/>
  <testcase classname="LumaTestCases.BlogTestCase" name="ValidateBlog2" time="6.474"/>
  <testcase classname="LumaTestCases.BlogTestCase" name="ValidateBlog3" time="6.370"/>
</testsuite> <!-- LumaTestCases.BlogTestCase -->
