<?xml version="1.0" encoding="UTF-8"?>
<!-- Generated by org.testng.reporters.JUnitReportReporter -->
<testsuite hostname="Rahul-Ramagiri" failures="0" tests="2" name="LumaTestCases.ProfilePicUplaodTest" time="31.946" errors="0" timestamp="2024-05-05T09:16:26 IST" skipped="0">
  <testcase classname="LumaTestCases.ProfilePicUplaodTest" name="validateEditProfileSettings" time="0.376"/>
  <testcase classname="LumaTestCases.ProfilePicUplaodTest" name="ValidateProfilePicUpdate" time="31.570"/>
</testsuite> <!-- LumaTestCases.ProfilePicUplaodTest -->
