<?xml version="1.0" encoding="UTF-8"?>
<!-- Generated by org.testng.reporters.JUnitReportReporter -->
<testsuite hostname="Rahul-Ramagiri" failures="0" tests="4" name="LumaTestCases.CheckOutItems" time="50.242" errors="0" timestamp="2024-05-16T20:26:45 IST" skipped="0">
  <testcase classname="LumaTestCases.CheckOutItems" name="ValidateAddCart" time="19.963"/>
  <testcase classname="LumaTestCases.CheckOutItems" name="ValidateCheckOutButton" time="6.842"/>
  <testcase classname="LumaTestCases.CheckOutItems" name="EnterCheckOutInfo" time="9.272"/>
  <testcase classname="LumaTestCases.CheckOutItems" name="ValidateRemoveFromCart" time="14.165"/>
  <system-out>
    <![CDATA[Click to see ScreenShot
Click to see ScreenShot
Click to see ScreenShot
Click to see ScreenShot
Click to see ScreenShot
Click to see ScreenShot]]>
  </system-out>
</testsuite> <!-- LumaTestCases.CheckOutItems -->
