<?xml version="1.0" encoding="UTF-8"?>
<!-- Generated by org.testng.reporters.JUnitReportReporter -->
<testsuite hostname="Rahul-Ramagiri" failures="0" tests="4" name="LumaTestCases.AboutUsTestCase" time="25.985" errors="0" timestamp="2024-05-12T17:34:22 IST" skipped="0">
  <testcase classname="LumaTestCases.AboutUsTestCase" name="ValidateContactLuma" time="8.781"/>
  <testcase classname="LumaTestCases.AboutUsTestCase" name="ValidateAbouts" time="3.457"/>
  <testcase classname="LumaTestCases.AboutUsTestCase" name="ValidatePrivacyPolicy" time="7.160"/>
  <testcase classname="LumaTestCases.AboutUsTestCase" name="ValidateCoustmerService" time="6.587"/>
  <system-out>
    <![CDATA[Click to see ScreenShot
Click to see ScreenShot
Click to see ScreenShot
Click to see ScreenShot
Click to see ScreenShot]]>
  </system-out>
</testsuite> <!-- LumaTestCases.AboutUsTestCase -->
