<?xml version="1.0" encoding="UTF-8"?>
<!-- Generated by org.testng.reporters.JUnitReportReporter -->
<testsuite hostname="Rahul-Ramagiri" failures="0" tests="2" name="RoughPkg.Group2" time="0.006" errors="0" timestamp="2024-07-05T18:40:47 IST" skipped="1">
  <testcase classname="RoughPkg.Group2" name="Hello2" time="0.006"/>
  <system-out/>
  <testcase classname="RoughPkg.Group2" name="Hello1">
    <skipped/>
  </testcase> <!-- Hello1 -->
  <system-out/>
</testsuite> <!-- RoughPkg.Group2 -->
