<?xml version="1.0" encoding="UTF-8"?>
<!-- Generated by org.testng.reporters.JUnitReportReporter -->
<testsuite hostname="Rahul-Ramagiri" failures="0" tests="3" name="LumaTestCases.BlogTestCase" time="18.174" errors="0" timestamp="2024-05-15T17:29:16 IST" skipped="0">
  <testcase classname="LumaTestCases.BlogTestCase" name="ValidateBlog1" time="6.312"/>
  <testcase classname="LumaTestCases.BlogTestCase" name="ValidateBlog2" time="6.033"/>
  <testcase classname="LumaTestCases.BlogTestCase" name="ValidateBlog3" time="5.829"/>
  <system-out>
    <![CDATA[Click to see ScreenShot
Click to see ScreenShot
Click to see ScreenShot
Click to see ScreenShot
Click to see ScreenShot
Click to see ScreenShot]]>
  </system-out>
</testsuite> <!-- LumaTestCases.BlogTestCase -->
