<?xml version="1.0" encoding="UTF-8"?>
<!-- Generated by org.testng.reporters.JUnitReportReporter -->
<testsuite hostname="Rahul-Ramagiri" failures="0" tests="2" name="LumaTestCases.CreateLumaAccounTest" time="14.894" errors="0" timestamp="2024-05-16T20:26:45 IST" skipped="0">
  <testcase classname="LumaTestCases.CreateLumaAccounTest" name="CreateAccounTest" time="9.225"/>
  <testcase classname="LumaTestCases.CreateLumaAccounTest" name="ValidateCreateAccountWithEmail" time="5.669"/>
  <system-out>
    <![CDATA[Click to see ScreenShot
Click to see ScreenShot
Click to see ScreenShot
Click to see ScreenShot
Click to see ScreenShot
Click to see ScreenShot]]>
  </system-out>
</testsuite> <!-- LumaTestCases.CreateLumaAccounTest -->
