<?xml version="1.0" encoding="UTF-8"?>
<!-- Generated by org.testng.reporters.JUnitReportReporter -->
<testsuite hostname="Rahul-Ramagiri" failures="0" tests="1" name="RoughPkg.Tests" time="0.012" errors="0" timestamp="2024-05-15T14:53:27 IST" skipped="0">
  <testcase classname="RoughPkg.Tests" name="testHelloWorld" time="0.012"/>
</testsuite> <!-- RoughPkg.Tests -->
