<?xml version="1.0" encoding="UTF-8"?>
<!-- Generated by org.testng.reporters.JUnitReportReporter -->
<testsuite hostname="Rahul-Ramagiri" failures="0" tests="1" name="RoughPkg.CreateaccountTest" time="10.264" errors="0" timestamp="2024-05-03T23:46:10 IST" skipped="0">
  <testcase classname="RoughPkg.CreateaccountTest" name="LoginTestR" time="10.264"/>
</testsuite> <!-- RoughPkg.CreateaccountTest -->
