<?xml version="1.0" encoding="UTF-8"?>
<!-- Generated by org.testng.reporters.JUnitReportReporter -->
<testsuite hostname="Rahul-Ramagiri" failures="0" tests="1" name="RoughPkg.Tests" time="35.790" errors="0" timestamp="2024-05-09T15:13:50 IST" skipped="0">
  <testcase classname="RoughPkg.Tests" name="SicoLogin" time="35.790"/>
</testsuite> <!-- RoughPkg.Tests -->
