<?xml version="1.0" encoding="UTF-8"?>
<!-- Generated by org.testng.reporters.JUnitReportReporter -->
<testsuite hostname="Rahul-Ramagiri" failures="0" tests="4" name="LumaTestCases.AboutUsTestCase" time="19.931" errors="0" timestamp="2024-05-15T15:00:35 IST" skipped="0">
  <testcase classname="LumaTestCases.AboutUsTestCase" name="ValidateContactLuma" time="6.507"/>
  <testcase classname="LumaTestCases.AboutUsTestCase" name="ValidateAbouts" time="2.836"/>
  <testcase classname="LumaTestCases.AboutUsTestCase" name="ValidatePrivacyPolicy" time="5.268"/>
  <testcase classname="LumaTestCases.AboutUsTestCase" name="ValidateCoustmerService" time="5.320"/>
</testsuite> <!-- LumaTestCases.AboutUsTestCase -->
