<?xml version="1.0" encoding="UTF-8"?>
<!-- Generated by org.testng.reporters.JUnitReportReporter -->
<testsuite hostname="Rahul-Ramagiri" failures="0" tests="1" name="RoughPkg.Tests" time="0.001" errors="0" timestamp="2024-05-17T00:16:58 IST" skipped="0">
  <testcase classname="RoughPkg.Tests" name="testHelloWorld" time="0.001"/>
  <system-out>
    <![CDATA[Click to see ScreenShot
Click to see ScreenShot
Click to see ScreenShot
Click to see ScreenShot
Click to see ScreenShot
Click to see ScreenShot]]>
  </system-out>
</testsuite> <!-- RoughPkg.Tests -->
