<?xml version="1.0" encoding="UTF-8"?>
<!-- Generated by org.testng.reporters.JUnitReportReporter -->
<testsuite hostname="Rahul-Ramagiri" failures="0" tests="4" name="LumaTestCases.CheckOutItems" time="53.077" errors="0" timestamp="2024-05-17T14:38:04 IST" skipped="0">
  <testcase classname="LumaTestCases.CheckOutItems" name="ValidateAddCart" time="19.566"/>
  <testcase classname="LumaTestCases.CheckOutItems" name="ValidateCheckOutButton" time="6.834"/>
  <testcase classname="LumaTestCases.CheckOutItems" name="EnterCheckOutInfo" time="9.028"/>
  <testcase classname="LumaTestCases.CheckOutItems" name="ValidateRemoveFromCart" time="17.649"/>
</testsuite> <!-- LumaTestCases.CheckOutItems -->
